# JRE version: Java(TM) SE Runtime Environment (8.0_111-b14) (build 1.8.0_111-b14)
# Java VM: Java HotSpot(TM) Client VM (25.111-b14 mixed mode windows-x86 )
Heap:
 def new generation   total 39424K, used 6359K [0x05200000, 0x07cc0000, 0x0fca0000)
  eden space 35072K,  17% used [0x05200000, 0x05823ea0, 0x07440000)
  from space 4352K,   1% used [0x07880000, 0x07891dc0, 0x07cc0000)
  to   space 4352K,   0% used [0x07440000, 0x07440000, 0x07880000)
 tenured generation   total 87424K, used 30528K [0x0fca0000, 0x15200000, 0x25200000)
   the space 87424K,  34% used [0x0fca0000, 0x11a70078, 0x11a70200, 0x15200000)
 Metaspace       used 18676K, capacity 19115K, committed 19200K, reserved 19840K
GC Heap History (10 events):
Event: 1.800 GC heap before
{Heap before GC invocations=3 (full 1):
 def new generation   total 39424K, used 35072K [0x05200000, 0x07cc0000, 0x0fca0000)
  eden space 35072K, 100% used [0x05200000, 0x07440000, 0x07440000)
  from space 4352K,   0% used [0x07440000, 0x07440000, 0x07880000)
  to   space 4352K,   0% used [0x07880000, 0x07880000, 0x07cc0000)
 tenured generation   total 87424K, used 15088K [0x0fca0000, 0x15200000, 0x25200000)
   the space 87424K,  17% used [0x0fca0000, 0x10b5c2f0, 0x10b5c400, 0x15200000)
 Metaspace       used 16968K, capacity 17373K, committed 17536K, reserved 17792K
Event: 1.807 GC heap after
Heap after GC invocations=4 (full 1):
 def new generation   total 39424K, used 4352K [0x05200000, 0x07cc0000, 0x0fca0000)
  eden space 35072K,   0% used [0x05200000, 0x05200000, 0x07440000)
  from space 4352K, 100% used [0x07880000, 0x07cc0000, 0x07cc0000)
  to   space 4352K,   0% used [0x07440000, 0x07440000, 0x07880000)
 tenured generation   total 87424K, used 17028K [0x0fca0000, 0x15200000, 0x25200000)
   the space 87424K,  19% used [0x0fca0000, 0x10d41318, 0x10d41400, 0x15200000)
 Metaspace       used 16968K, capacity 17373K, committed 17536K, reserved 17792K
}
Event: 989.663 GC heap before
{Heap before GC invocations=4 (full 1):
 def new generation   total 39424K, used 39424K [0x05200000, 0x07cc0000, 0x0fca0000)
  eden space 35072K, 100% used [0x05200000, 0x07440000, 0x07440000)
  from space 4352K, 100% used [0x07880000, 0x07cc0000, 0x07cc0000)
  to   space 4352K,   0% used [0x07440000, 0x07440000, 0x07880000)
 tenured generation   total 87424K, used 17028K [0x0fca0000, 0x15200000, 0x25200000)
   the space 87424K,  19% used [0x0fca0000, 0x10d41318, 0x10d41400, 0x15200000)
 Metaspace       used 18569K, capacity 19029K, committed 19200K, reserved 19840K
Event: 989.692 GC heap after
Heap after GC invocations=5 (full 1):
 def new generation   total 39424K, used 4352K [0x05200000, 0x07cc0000, 0x0fca0000)
  eden space 35072K,   0% used [0x05200000, 0x05200000, 0x07440000)
  from space 4352K, 100% used [0x07440000, 0x07880000, 0x07880000)
  to   space 4352K,   0% used [0x07880000, 0x07880000, 0x07cc0000)
 tenured generation   total 87424K, used 22956K [0x0fca0000, 0x15200000, 0x25200000)
   the space 87424K,  26% used [0x0fca0000, 0x1130b328, 0x1130b400, 0x15200000)
 Metaspace       used 18569K, capacity 19029K, committed 19200K, reserved 19840K
}
Event: 1804.968 GC heap before
{Heap before GC invocations=5 (full 1):
 def new generation   total 39424K, used 39424K [0x05200000, 0x07cc0000, 0x0fca0000)
  eden space 35072K, 100% used [0x05200000, 0x07440000, 0x07440000)
  from space 4352K, 100% used [0x07440000, 0x07880000, 0x07880000)
  to   space 4352K,   0% used [0x07880000, 0x07880000, 0x07cc0000)
 tenured generation   total 87424K, used 22956K [0x0fca0000, 0x15200000, 0x25200000)
   the space 87424K,  26% used [0x0fca0000, 0x1130b328, 0x1130b400, 0x15200000)
 Metaspace       used 18668K, capacity 19113K, committed 19200K, reserved 19840K
Event: 1804.986 GC heap after
Heap after GC invocations=6 (full 1):
 def new generation   total 39424K, used 565K [0x05200000, 0x07cc0000, 0x0fca0000)
  eden space 35072K,   0% used [0x05200000, 0x05200000, 0x07440000)
  from space 4352K,  12% used [0x07880000, 0x0790d500, 0x07cc0000)
  to   space 4352K,   0% used [0x07440000, 0x07440000, 0x07880000)
 tenured generation   total 87424K, used 26553K [0x0fca0000, 0x15200000, 0x25200000)
   the space 87424K,  30% used [0x0fca0000, 0x1168e598, 0x1168e600, 0x15200000)
 Metaspace       used 18668K, capacity 19113K, committed 19200K, reserved 19840K
}
Event: 2805.987 GC heap before
{Heap before GC invocations=6 (full 1):
 def new generation   total 39424K, used 35637K [0x05200000, 0x07cc0000, 0x0fca0000)
  eden space 35072K, 100% used [0x05200000, 0x07440000, 0x07440000)
  from space 4352K,  12% used [0x07880000, 0x0790d500, 0x07cc0000)
  to   space 4352K,   0% used [0x07440000, 0x07440000, 0x07880000)
 tenured generation   total 87424K, used 26553K [0x0fca0000, 0x15200000, 0x25200000)
   the space 87424K,  30% used [0x0fca0000, 0x1168e598, 0x1168e600, 0x15200000)
 Metaspace       used 18676K, capacity 19115K, committed 19200K, reserved 19840K
Event: 2805.997 GC heap after
Heap after GC invocations=7 (full 1):
 def new generation   total 39424K, used 4177K [0x05200000, 0x07cc0000, 0x0fca0000)
  eden space 35072K,   0% used [0x05200000, 0x05200000, 0x07440000)
  from space 4352K,  96% used [0x07440000, 0x078547c8, 0x07880000)
  to   space 4352K,   0% used [0x07880000, 0x07880000, 0x07cc0000)
 tenured generation   total 87424K, used 26553K [0x0fca0000, 0x15200000, 0x25200000)
   the space 87424K,  30% used [0x0fca0000, 0x1168e598, 0x1168e600, 0x15200000)
 Metaspace       used 18676K, capacity 19115K, committed 19200K, reserved 19840K
}
Event: 4095.730 GC heap before
{Heap before GC invocations=7 (full 1):
 def new generation   total 39424K, used 39249K [0x05200000, 0x07cc0000, 0x0fca0000)
  eden space 35072K, 100% used [0x05200000, 0x07440000, 0x07440000)
  from space 4352K,  96% used [0x07440000, 0x078547c8, 0x07880000)
  to   space 4352K,   0% used [0x07880000, 0x07880000, 0x07cc0000)
 tenured generation   total 87424K, used 26553K [0x0fca0000, 0x15200000, 0x25200000)
   the space 87424K,  30% used [0x0fca0000, 0x1168e598, 0x1168e600, 0x15200000)
 Metaspace       used 18676K, capacity 19115K, committed 19200K, reserved 19840K
Event: 4095.739 GC heap after
Heap after GC invocations=8 (full 1):
 def new generation   total 39424K, used 71K [0x05200000, 0x07cc0000, 0x0fca0000)
  eden space 35072K,   0% used [0x05200000, 0x05200000, 0x07440000)
  from space 4352K,   1% used [0x07880000, 0x07891dc0, 0x07cc0000)
  to   space 4352K,   0% used [0x07440000, 0x07440000, 0x07880000)
 tenured generation   total 87424K, used 30528K [0x0fca0000, 0x15200000, 0x25200000)
   the space 87424K,  34% used [0x0fca0000, 0x11a70078, 0x11a70200, 0x15200000)
 Metaspace       used 18676K, capacity 19115K, committed 19200K, reserved 19840K
}

